Flow report for adder16
Thu Oct  6 16:04:34 2016
Quartus Prime Version 16.0.2 Build 222 07/20/2016 SJ Lite Edition


---------------------
; Table of Contents ;
---------------------
  1. Legal Notice
  2. Flow Summary
  3. Flow Settings
  4. Flow Non-Default Global Settings
  5. Flow Elapsed Time
  6. Flow OS Summary
  7. Flow Log
  8. Flow Messages
  9. Flow Suppressed Messages



----------------
; Legal Notice ;
----------------
Copyright (C) 1991-2016 Altera Corporation. All rights reserved.
Your use of Altera Corporation's design tools, logic functions 
and other software and tools, and its AMPP partner logic 
functions, and any output files from any of the foregoing 
(including device programming or simulation files), and any 
associated documentation or information are expressly subject 
to the terms and conditions of the Altera Program License 
Subscription Agreement, the Altera Quartus Prime License Agreement,
the Altera MegaCore Function License Agreement, or other 
applicable license agreement, including, without limitation, 
that your use is for the sole purpose of programming logic 
devices manufactured by Altera and sold by Altera or its 
authorized distributors.  Please refer to the applicable 
agreement for further details.



+----------------------------------------------------------------------------------+
; Flow Summary                                                                     ;
+------------------------------------+---------------------------------------------+
; Flow Status                        ; Successful - Thu Oct  6 16:04:30 2016       ;
; Quartus Prime Version              ; 16.0.2 Build 222 07/20/2016 SJ Lite Edition ;
; Revision Name                      ; adder16                                     ;
; Top-level Entity Name              ; adder16                                     ;
; Family                             ; Cyclone IV E                                ;
; Device                             ; EP4CE115F29C7                               ;
; Timing Models                      ; Final                                       ;
; Total logic elements               ; 18 / 114,480 ( < 1 % )                      ;
;     Total combinational functions  ; 18 / 114,480 ( < 1 % )                      ;
;     Dedicated logic registers      ; 0 / 114,480 ( 0 % )                         ;
; Total registers                    ; 0                                           ;
; Total pins                         ; 50 / 529 ( 9 % )                            ;
; Total virtual pins                 ; 0                                           ;
; Total memory bits                  ; 0 / 3,981,312 ( 0 % )                       ;
; Embedded Multiplier 9-bit elements ; 0 / 532 ( 0 % )                             ;
; Total PLLs                         ; 0 / 4 ( 0 % )                               ;
+------------------------------------+---------------------------------------------+


+-----------------------------------------+
; Flow Settings                           ;
+-------------------+---------------------+
; Option            ; Setting             ;
+-------------------+---------------------+
; Start date & time ; 10/06/2016 16:04:04 ;
; Main task         ; Compilation         ;
; Revision Name     ; adder16             ;
+-------------------+---------------------+


+-----------------------------------------------------------------------------------------------------------------+
; Flow Non-Default Global Settings                                                                                ;
+-------------------------------------+--------------------------------+---------------+-------------+------------+
; Assignment Name                     ; Value                          ; Default Value ; Entity Name ; Section Id ;
+-------------------------------------+--------------------------------+---------------+-------------+------------+
; COMPILER_SIGNATURE_ID               ; 75361032383372.147573744407378 ; --            ; --          ; --         ;
; OPTIMIZE_HOLD_TIMING                ; IO Paths and Minimum TPD Paths ; All Paths     ; --          ; --         ;
; OPTIMIZE_MULTI_CORNER_TIMING        ; Off                            ; On            ; --          ; --         ;
; PARTITION_COLOR                     ; 16764057                       ; --            ; --          ; Top        ;
; PARTITION_FITTER_PRESERVATION_LEVEL ; PLACEMENT_AND_ROUTING          ; --            ; --          ; Top        ;
; PARTITION_NETLIST_TYPE              ; SOURCE                         ; --            ; --          ; Top        ;
+-------------------------------------+--------------------------------+---------------+-------------+------------+


+-------------------------------------------------------------------------------------------------------------------------------+
; Flow Elapsed Time                                                                                                             ;
+---------------------------+--------------+-------------------------+---------------------+------------------------------------+
; Module Name               ; Elapsed Time ; Average Processors Used ; Peak Virtual Memory ; Total CPU Time (on all processors) ;
+---------------------------+--------------+-------------------------+---------------------+------------------------------------+
; Analysis & Synthesis      ; 00:00:12     ; 1.0                     ; 1238 MB             ; 00:00:25                           ;
; Fitter                    ; 00:00:09     ; 1.0                     ; 1630 MB             ; 00:00:10                           ;
; Assembler                 ; 00:00:02     ; 1.0                     ; 1158 MB             ; 00:00:03                           ;
; TimeQuest Timing Analyzer ; 00:00:03     ; 1.0                     ; 1243 MB             ; 00:00:02                           ;
; Total                     ; 00:00:26     ; --                      ; --                  ; 00:00:40                           ;
+---------------------------+--------------+-------------------------+---------------------+------------------------------------+


+-----------------------------------------------------------------------------------------------------------+
; Flow OS Summary                                                                                           ;
+---------------------------+--------------------------------+----------------+------------+----------------+
; Module Name               ; Machine Hostname               ; OS Name        ; OS Version ; Processor type ;
+---------------------------+--------------------------------+----------------+------------+----------------+
; Analysis & Synthesis      ; iceb19.ice.nuie.nagoya-u.ac.jp ; CentOS release ; 6          ; x86_64         ;
; Fitter                    ; iceb19.ice.nuie.nagoya-u.ac.jp ; CentOS release ; 6          ; x86_64         ;
; Assembler                 ; iceb19.ice.nuie.nagoya-u.ac.jp ; CentOS release ; 6          ; x86_64         ;
; TimeQuest Timing Analyzer ; iceb19.ice.nuie.nagoya-u.ac.jp ; CentOS release ; 6          ; x86_64         ;
+---------------------------+--------------------------------+----------------+------------+----------------+


------------
; Flow Log ;
------------
quartus_map --read_settings_files=on --write_settings_files=off adder16 -c adder16
quartus_fit --read_settings_files=off --write_settings_files=off adder16 -c adder16
quartus_asm --read_settings_files=off --write_settings_files=off adder16 -c adder16
quartus_sta adder16 -c adder16



